Build started 11/7/2017 10:43:22 PM.
     1>Project "C:\Users\Kim Chung\Desktop\7_11\backup\GameTraining\GameTraining.vcxproj" on node 2 (Build target(s)).
     1>ClCompile:
         C:\Program Files (x86)\Microsoft Visual Studio 12.0\VC\bin\CL.exe /c /ZI /nologo /W3 /WX- /Od /Oy- /D WIN32 /D _DEBUG /D _WINDOWS /D _MBCS /Gm /EHsc /RTC1 /MDd /GS /fp:precise /Zc:wchar_t /Zc:forScope /Fo"Debug\\" /Fd"Debug\vc120.pdb" /Gd /TP /analyze- /errorReport:prompt TileMap.cpp
         TileMap.cpp
     1>c:\users\kim chung\desktop\7_11\backup\gametraining\tilemap.cpp(33): warning C4244: 'argument' : conversion from 'int' to 'float', possible loss of data
     1>c:\users\kim chung\desktop\7_11\backup\gametraining\tilemap.cpp(38): warning C4244: 'argument' : conversion from 'float' to 'int', possible loss of data
     1>c:\users\kim chung\desktop\7_11\backup\gametraining\tilemap.cpp(54): warning C4244: '=' : conversion from 'int' to 'float', possible loss of data
     1>c:\users\kim chung\desktop\7_11\backup\gametraining\tilemap.cpp(55): warning C4244: '=' : conversion from 'int' to 'float', possible loss of data
     1>c:\users\kim chung\desktop\7_11\backup\gametraining\tilemap.cpp(57): warning C4244: '=' : conversion from 'float' to 'int', possible loss of data
     1>c:\users\kim chung\desktop\7_11\backup\gametraining\tilemap.cpp(58): warning C4244: '=' : conversion from 'float' to 'int', possible loss of data
     1>c:\users\kim chung\desktop\7_11\backup\gametraining\tilemap.cpp(59): warning C4244: '=' : conversion from 'float' to 'int', possible loss of data
     1>c:\users\kim chung\desktop\7_11\backup\gametraining\tilemap.cpp(60): warning C4244: '=' : conversion from 'float' to 'int', possible loss of data
       Link:
         C:\Program Files (x86)\Microsoft Visual Studio 12.0\VC\bin\link.exe /ERRORREPORT:PROMPT /OUT:"C:\Users\Kim Chung\Desktop\7_11\backup\Debug\MegaMan.exe" /INCREMENTAL /NOLOGO dinput8.lib dxguid.lib d3d9.lib d3dx9.lib kernel32.lib user32.lib gdi32.lib winspool.lib comdlg32.lib advapi32.lib shell32.lib ole32.lib oleaut32.lib uuid.lib odbc32.lib odbccp32.lib kernel32.lib user32.lib gdi32.lib winspool.lib comdlg32.lib advapi32.lib shell32.lib ole32.lib oleaut32.lib uuid.lib odbc32.lib odbccp32.lib /MANIFEST /MANIFESTUAC:"level='asInvoker' uiAccess='false'" /manifest:embed /DEBUG /PDB:"C:\Users\Kim Chung\Desktop\7_11\backup\Debug\MegaMan.pdb" /SUBSYSTEM:WINDOWS /TLBID:1 /DYNAMICBASE /NXCOMPAT /IMPLIB:"C:\Users\Kim Chung\Desktop\7_11\backup\Debug\MegaMan.lib" /MACHINE:X86 Debug\ActionLoop.obj
         Debug\Aladin.obj
         Debug\Animation.obj
         Debug\BaseObject.obj
         Debug\Beak.obj
         Debug\BeakBullet.obj
         Debug\Collision.obj
         Debug\Constant.obj
         Debug\DelayTime.obj
         Debug\Enemy.obj
         Debug\FBox.obj
         Debug\FRectangle.obj
         Debug\KEY.obj
         Debug\Keyboard.obj
         Debug\MapGame.obj
         Debug\MapView.obj
         Debug\Stage.obj
         Debug\Camera.obj
         Debug\DirectXTool.obj
         Debug\Form.obj
         Debug\Game.obj
         Debug\GameTime.obj
         Debug\Point.obj
         Debug\Texture.obj
         Debug\MovableObject.obj
         Debug\ObjectsFilter.obj
         Debug\OuterSpace.obj
         Debug\Picket.obj
         Debug\QuadNode.obj
         Debug\QuadTree.obj
         Debug\Rockman.obj
         Debug\Blader.obj
         Debug\RockmanBullet.obj
         Debug\Sprite.obj
         Debug\SpriteManager.obj
         Debug\StageView.obj
         Debug\Stairs.obj
         Debug\ThingMan.obj
         Debug\TileMap.obj
         Debug\WinMain.obj
         GameTraining.vcxproj -> C:\Users\Kim Chung\Desktop\7_11\backup\Debug\MegaMan.exe
     1>Done Building Project "C:\Users\Kim Chung\Desktop\7_11\backup\GameTraining\GameTraining.vcxproj" (Build target(s)).

Build succeeded.

Time Elapsed 00:00:06.81
