d:\3 môn chuyên đề\nhập môn game\gametraining3\gametraining\debug\vc120.pdb
d:\3 môn chuyên đề\nhập môn game\gametraining3\gametraining\debug\vc120.idb
d:\3 môn chuyên đề\nhập môn game\gametraining3\gametraining\debug\form.obj
d:\3 môn chuyên đề\nhập môn game\gametraining3\gametraining\debug\game.obj
d:\3 môn chuyên đề\nhập môn game\gametraining3\gametraining\debug\gametime.obj
d:\3 môn chuyên đề\nhập môn game\gametraining3\gametraining\debug\point.obj
d:\3 môn chuyên đề\nhập môn game\gametraining3\gametraining\debug\texture.obj
d:\3 môn chuyên đề\nhập môn game\gametraining3\gametraining\debug\movableobject.obj
d:\3 môn chuyên đề\nhập môn game\gametraining3\gametraining\debug\objectsfilter.obj
d:\3 môn chuyên đề\nhập môn game\gametraining3\gametraining\debug\outerspace.obj
d:\3 môn chuyên đề\nhập môn game\gametraining3\gametraining\debug\picket.obj
d:\3 môn chuyên đề\nhập môn game\gametraining3\gametraining\debug\quadnode.obj
d:\3 môn chuyên đề\nhập môn game\gametraining3\gametraining\debug\quadtree.obj
d:\3 môn chuyên đề\nhập môn game\gametraining3\gametraining\debug\rockman.obj
d:\3 môn chuyên đề\nhập môn game\gametraining3\gametraining\debug\blader.obj
d:\3 môn chuyên đề\nhập môn game\gametraining3\gametraining\debug\rockmanbullet.obj
d:\3 môn chuyên đề\nhập môn game\gametraining3\gametraining\debug\sprite.obj
d:\3 môn chuyên đề\nhập môn game\gametraining3\gametraining\debug\spritemanager.obj
d:\3 môn chuyên đề\nhập môn game\gametraining3\gametraining\debug\stageview.obj
d:\3 môn chuyên đề\nhập môn game\gametraining3\gametraining\debug\stairs.obj
d:\3 môn chuyên đề\nhập môn game\gametraining3\gametraining\debug\tilemap.obj
d:\3 môn chuyên đề\nhập môn game\gametraining3\gametraining\debug\winmain.obj
d:\3 môn chuyên đề\nhập môn game\gametraining3\gametraining\debug\aladin.obj
d:\3 môn chuyên đề\nhập môn game\gametraining3\gametraining\debug\animation.obj
d:\3 môn chuyên đề\nhập môn game\gametraining3\gametraining\debug\baseobject.obj
d:\3 môn chuyên đề\nhập môn game\gametraining3\gametraining\debug\beak.obj
d:\3 môn chuyên đề\nhập môn game\gametraining3\gametraining\debug\beakbullet.obj
d:\3 môn chuyên đề\nhập môn game\gametraining3\gametraining\debug\collision.obj
d:\3 môn chuyên đề\nhập môn game\gametraining3\gametraining\debug\constant.obj
d:\3 môn chuyên đề\nhập môn game\gametraining3\gametraining\debug\delaytime.obj
d:\3 môn chuyên đề\nhập môn game\gametraining3\gametraining\debug\enemy.obj
d:\3 môn chuyên đề\nhập môn game\gametraining3\gametraining\debug\fbox.obj
d:\3 môn chuyên đề\nhập môn game\gametraining3\gametraining\debug\frectangle.obj
d:\3 môn chuyên đề\nhập môn game\gametraining3\gametraining\debug\key.obj
d:\3 môn chuyên đề\nhập môn game\gametraining3\gametraining\debug\keyboard.obj
d:\3 môn chuyên đề\nhập môn game\gametraining3\gametraining\debug\mapgame.obj
d:\3 môn chuyên đề\nhập môn game\gametraining3\gametraining\debug\mapview.obj
d:\3 môn chuyên đề\nhập môn game\gametraining3\gametraining\debug\stage.obj
d:\3 môn chuyên đề\nhập môn game\gametraining3\gametraining\debug\camera.obj
d:\3 môn chuyên đề\nhập môn game\gametraining3\gametraining\debug\directxtool.obj
d:\3 môn chuyên đề\nhập môn game\gametraining3\debug\megaman.ilk
d:\3 môn chuyên đề\nhập môn game\gametraining3\debug\megaman.exe
d:\3 môn chuyên đề\nhập môn game\gametraining3\debug\megaman.pdb
d:\3 môn chuyên đề\nhập môn game\gametraining3\gametraining\debug\megaman.tlog\cl.command.1.tlog
d:\3 môn chuyên đề\nhập môn game\gametraining3\gametraining\debug\megaman.tlog\cl.read.1.tlog
d:\3 môn chuyên đề\nhập môn game\gametraining3\gametraining\debug\megaman.tlog\cl.write.1.tlog
d:\3 môn chuyên đề\nhập môn game\gametraining3\gametraining\debug\megaman.tlog\link.command.1.tlog
d:\3 môn chuyên đề\nhập môn game\gametraining3\gametraining\debug\megaman.tlog\link.read.1.tlog
d:\3 môn chuyên đề\nhập môn game\gametraining3\gametraining\debug\megaman.tlog\link.write.1.tlog
