Build started 11/9/2017 11:14:11 PM.
     1>Project "C:\Users\Kim Chung\Desktop\8_11\GameTraining\GameTraining.vcxproj" on node 2 (Build target(s)).
     1>ClCompile:
         C:\Program Files (x86)\Microsoft Visual Studio 12.0\VC\bin\CL.exe /c /ZI /nologo /W3 /WX- /Od /Oy- /D WIN32 /D _DEBUG /D _WINDOWS /D _MBCS /Gm /EHsc /RTC1 /MDd /GS /fp:precise /Zc:wchar_t /Zc:forScope /Fo"Debug\\" /Fd"Debug\vc120.pdb" /Gd /TP /analyze- /errorReport:prompt Game.cpp
         Game.cpp
         c:\program files (x86)\microsoft directx sdk (june 2010)\include\dinput.h: DIRECTINPUT_VERSION undefined. Defaulting to version 0x0800
       Link:
         C:\Program Files (x86)\Microsoft Visual Studio 12.0\VC\bin\link.exe /ERRORREPORT:PROMPT /OUT:"C:\Users\Kim Chung\Desktop\8_11\Debug\MegaMan.exe" /INCREMENTAL /NOLOGO dinput8.lib dxguid.lib d3d9.lib d3dx9.lib kernel32.lib user32.lib gdi32.lib winspool.lib comdlg32.lib advapi32.lib shell32.lib ole32.lib oleaut32.lib uuid.lib odbc32.lib odbccp32.lib kernel32.lib user32.lib gdi32.lib winspool.lib comdlg32.lib advapi32.lib shell32.lib ole32.lib oleaut32.lib uuid.lib odbc32.lib odbccp32.lib /MANIFEST /MANIFESTUAC:"level='asInvoker' uiAccess='false'" /manifest:embed /DEBUG /PDB:"C:\Users\Kim Chung\Desktop\8_11\Debug\MegaMan.pdb" /SUBSYSTEM:WINDOWS /TLBID:1 /DYNAMICBASE /NXCOMPAT /IMPLIB:"C:\Users\Kim Chung\Desktop\8_11\Debug\MegaMan.lib" /MACHINE:X86 Debug\ActionLoop.obj
         Debug\Aladin.obj
         Debug\Animation.obj
         Debug\BaseObject.obj
         Debug\Beak.obj
         Debug\BeakBullet.obj
         Debug\Collision.obj
         Debug\Constant.obj
         Debug\DelayTime.obj
         Debug\Enemy.obj
         Debug\FatMan.obj
         Debug\FBox.obj
         Debug\FRectangle.obj
         Debug\KEY.obj
         Debug\Keyboard.obj
         Debug\MapGame.obj
         Debug\MapView.obj
         Debug\Camera.obj
         Debug\DirectXTool.obj
         Debug\Form.obj
         Debug\Game.obj
         Debug\GameTime.obj
         Debug\Point.obj
         Debug\Texture.obj
         Debug\MovableObject.obj
         Debug\ObjectsFilter.obj
         Debug\OuterSpace.obj
         Debug\Picket.obj
         Debug\QuadNode.obj
         Debug\QuadTree.obj
         Debug\RockmanBullet.obj
         Debug\Sprite.obj
         Debug\SpriteManager.obj
         Debug\Stairs.obj
         Debug\ThingMan.obj
         Debug\TileMap.obj
         Debug\WinMain.obj
         GameTraining.vcxproj -> C:\Users\Kim Chung\Desktop\8_11\Debug\MegaMan.exe
     1>Done Building Project "C:\Users\Kim Chung\Desktop\8_11\GameTraining\GameTraining.vcxproj" (Build target(s)).

Build succeeded.

Time Elapsed 00:00:04.62
